<?xml version="1.0" encoding="UTF-8"?>
<!-- Generated by org.testng.reporters.JUnitXMLReporter -->
<testsuite ignored="0" hostname="ticvictech" failures="0" tests="8" name="Test" time="17.815" errors="0" timestamp="2023-02-06T10:16:32 IST">
  <testcase classname="greenkartwebsite.GkSearchBoxTest" name="SearchboxUIcheck" time="0.274"/>
  <testcase classname="greenkartwebsite.Practisepage" name="testelements" time="1.246"/>
  <testcase classname="greenkartwebsite.Protocommerce" name="Pc" time="1.88"/>
  <testcase classname="greenkartwebsite.Protocommerce" name="Pc" time="1.272"/>
  <testcase classname="greenkartwebsite.GkSearchBoxTest" name="Searchboxinputcheck" time="17.121"/>
  <testcase classname="greenkartwebsite.GkSearchBoxTest" name="CheckChart" time="0.096"/>
  <testcase classname="greenkartwebsite.GkSearchBoxTest" name="TakeScreenshot" time="0.214"/>
  <testcase classname="greenkartwebsite.GkSearchBoxTest" name="Totalpriceanditems" time="0.049"/>
</testsuite> <!-- Test -->
