<?xml version="1.0" encoding="UTF-8"?>
<!-- Generated by org.testng.reporters.JUnitXMLReporter -->
<testsuite ignored="1" hostname="ticvictech" failures="1" tests="1" name="Default test(failed)" time="16.479" errors="0" timestamp="2023-01-12T18:07:11 IST">
  <testcase classname="greenkartwebsite.GkSearchBoxTest" name="Searchboxinputcheck" time="16.445">
    <failure type="java.lang.ArrayIndexOutOfBoundsException" message="Index 7 out of bounds for length 7">
      <![CDATA[java.lang.ArrayIndexOutOfBoundsException: Index 7 out of bounds for length 7
at jxl.read.biff.SheetImpl.getCell(SheetImpl.java:344)
at greenkartwebsite.GkSearchBoxTest.Searchboxinputcheck(GkSearchBoxTest.java:55)
at java.base/java.util.ArrayList.forEach(ArrayList.java:1511)
... Removed 27 stack frames]]>
    </failure>
  </testcase> <!-- Searchboxinputcheck -->
  <testcase classname="greenkartwebsite.GkSearchBoxTest" name="SearchboxUIcheck" time="0.0">
    <ignored/>
  </testcase> <!-- SearchboxUIcheck -->
</testsuite> <!-- Default test(failed) -->
